<?xml version="1.0" encoding="UTF-8"?>
<!-- Generated by org.testng.reporters.JUnitXMLReporter -->
<testsuite ignored="0" hostname="Lenovo-PC" failures="0" tests="5" name="Default test" time="10.32" errors="0" timestamp="2024-02-05T22:59:07 IST">
  <testcase classname="apiframework.CreateCustomerTest" name="validateCreateCustomerAPIWithInValidSecretKey" time="5.075"/>
  <testcase classname="apiframework.CreateCustomerTest" name="validateCreateCustomerAPIWithValidSecretKey" time="0.602"/>
  <testcase classname="apiframework.CreateCustomerTest" name="validateCreateCustomerAPIWithValidSecretKey" time="0.54"/>
  <testcase classname="apiframework.CreateCustomerTest" name="validateCreateCustomerAPIWithValidSecretKey" time="0.554"/>
  <testcase classname="apiframework.CreateCustomerTest" name="validateCreateCustomerAPIWithValidSecretKey" time="0.513"/>
</testsuite> <!-- Default test -->
