<?xml version="1.0" encoding="UTF-8"?>
<testsuite xmlns:xsi="http://www.w3.org/2001/XMLSchema-instance" xsi:noNamespaceSchemaLocation="https://maven.apache.org/surefire/maven-surefire-plugin/xsd/surefire-test-report.xsd" name="TestSuite" time="16.531" tests="7" errors="0" skipped="0" failures="1">
  <properties>
[...]
</properties>
  <testcase name="validateCreateCustomerAPIWithInValidSecretKey" classname="apiframework.CreateCustomerTest" time="4.502"/>
  <testcase name="validateCreateCustomerAPIWithValidSecretKey" classname="apiframework.CreateCustomerTest" time="2.632"/>
  <testcase name="validateCreateCustomerAPIWithValidSecretKey" classname="apiframework.CreateCustomerTest" time="0.682"/>
  <testcase name="validateCreateCustomerAPIWithValidSecretKey" classname="apiframework.CreateCustomerTest" time="0.659"/>
  <testcase name="validateCreateCustomerAPIWithValidSecretKey" classname="apiframework.CreateCustomerTest" time="0.558"/>
  <testcase name="deleteCustomerWithValidID" classname="apiframework.DeleteCustomerTest" time="0.687"/>
  <testcase name="deleteCustomerWithValidIDWithDeletedRecord" classname="apiframework.DeleteCustomerTest" time="0.543">
    <failure message="expected [200] but found [404]" type="java.lang.AssertionError">java.lang.AssertionError: expected [200] but found [404]
	at apiframework.DeleteCustomerTest.deleteCustomerWithValidIDWithDeletedRecord(DeleteCustomerTest.java:42)
</failure>
    <system-out><![CDATA[id is : cus_PVnRkOeVfzA8ao
{
    "error": {
        "code": "resource_missing",
        "doc_url": "https://stripe.com/docs/error-codes/resource-missing",
        "message": "No such customer: 'kkrtrtrto'",
        "param": "id",
        "request_log_url": "https://dashboard.stripe.com/test/logs/req_0fLcQBZLzIPrEv?t=1707215146",
        "type": "invalid_request_error"
    }
}
]]></system-out>
  </testcase>
</testsuite>