-------------------------------------------------------------------------------
Test set: TestSuite
-------------------------------------------------------------------------------
Tests run: 7, Failures: 1, Errors: 0, Skipped: 0, Time elapsed: 16.531 s <<< FAILURE! - in TestSuite
deleteCustomerWithValidIDWithDeletedRecord(apiframework.DeleteCustomerTest)  Time elapsed: 0.543 s  <<< FAILURE!
java.lang.AssertionError: expected [200] but found [404]
	at apiframework.DeleteCustomerTest.deleteCustomerWithValidIDWithDeletedRecord(DeleteCustomerTest.java:42)

